Build started 2015-05-13 오후 7:58:16.
     1>Project "D:\Develop\PiProject\PiServer\PiServer\PiServer.vcxproj" on node 2 (Build target(s)).
     1>ClCompile:
         C:\Program Files (x86)\Microsoft Visual Studio 12.0\VC\bin\CL.exe /c /ZI /nologo /W3 /WX- /sdl /Od /Oy- /D WIN32 /D _DEBUG /D _CONSOLE /D _LIB /D _UNICODE /D UNICODE /Gm /EHsc /RTC1 /MDd /GS /fp:precise /Zc:wchar_t /Zc:forScope /Fo"Debug\\" /Fd"Debug\vc120.pdb" /Gd /TP /analyze- /errorReport:prompt ControlThread.cpp DataQueue.cpp
         DataQueue.cpp
         ControlThread.cpp
         Generating Code...
       Link:
         C:\Program Files (x86)\Microsoft Visual Studio 12.0\VC\bin\link.exe /ERRORREPORT:PROMPT /OUT:"D:\Develop\PiProject\PiServer\Debug\PiServer.exe" /INCREMENTAL /NOLOGO kernel32.lib user32.lib gdi32.lib winspool.lib comdlg32.lib advapi32.lib shell32.lib ole32.lib oleaut32.lib uuid.lib odbc32.lib odbccp32.lib /MANIFEST /MANIFESTUAC:"level='asInvoker' uiAccess='false'" /manifest:embed /DEBUG /PDB:"D:\Develop\PiProject\PiServer\Debug\PiServer.pdb" /SUBSYSTEM:CONSOLE /TLBID:1 /DYNAMICBASE /NXCOMPAT /IMPLIB:"D:\Develop\PiProject\PiServer\Debug\PiServer.lib" /MACHINE:X86 Debug\ControlThread.obj
         Debug\HealthThread.obj
         Debug\HelpTool.obj
         Debug\Log.obj
         Debug\Main.obj
         Debug\DataQueue.obj
         Debug\SocketError.obj
         Debug\WebThread.obj
         Debug\Server.obj
         PiServer.vcxproj -> D:\Develop\PiProject\PiServer\Debug\PiServer.exe
     1>Done Building Project "D:\Develop\PiProject\PiServer\PiServer\PiServer.vcxproj" (Build target(s)).

Build succeeded.

Time Elapsed 00:00:04.13
